Arguments: 
  /usr/bin/node /home/keyberth/.yarn/bin/yarn.js add axios

PATH: 
  /home/keyberth/.yarn/bin:/home/keyberth/.config/yarn/global/node_modules/.bin:/home/keyberth/bin:/usr/local/bin:/home/keyberth/.yarn/bin:/home/keyberth/.config/yarn/global/node_modules/.bin:/home/keyberth/bin:/usr/local/bin:/usr/local/sbin:/usr/local/bin:/usr/sbin:/usr/bin:/sbin:/bin:/usr/games:/usr/local/games:/home/keyberth/flutter/bin:/home/keyberth/Android/Sdk/emulator:/home/keyberth/Android/Sdk/tools:/home/keyberth/Android/Sdk/tools/bin:/home/keyberth/Android/Sdk/platform-tools:/home/keyberth/.config/composer/vendor/bin:/home/keyberth/flutter/bin:/home/keyberth/Android/Sdk/emulator:/home/keyberth/Android/Sdk/tools:/home/keyberth/Android/Sdk/tools/bin:/home/keyberth/Android/Sdk/platform-tools:/home/keyberth/.config/composer/vendor/bin

Yarn version: 
  1.22.4

Node version: 
  12.16.2

Platform: 
  linux x64

Trace: 
  Error: Client network socket disconnected before secure TLS connection was established
      at connResetException (internal/errors.js:608:14)
      at TLSSocket.onConnectEnd (_tls_wrap.js:1514:19)
      at Object.onceWrapper (events.js:416:28)
      at TLSSocket.emit (events.js:322:22)
      at endReadableNT (_stream_readable.js:1187:12)
      at processTicksAndRejections (internal/process/task_queues.js:84:21)

npm manifest: 
  {
    "name": "asodex",
    "version": "4.0.0",
    "private": true,
    "dependencies": {
      "@material-ui/core": "^4.3.2",
      "@material-ui/icons": "^4.2.1",
      "firebase": "^6.3.5",
      "material-table": "^1.50.0",
      "react": "^16.9.0",
      "react-dom": "^16.9.0",
      "react-google-maps": "^9.4.5",
      "react-redux": "^7.1.0",
      "react-router-dom": "^5.0.1",
      "react-scripts": "3.1.1",
      "redux": "^4.0.4",
      "redux-logger": "^3.0.6",
      "redux-thunk": "^2.3.0"
    },
    "scripts": {
      "start": "react-scripts start",
      "build": "react-scripts build",
      "test": "react-scripts test",
      "eject": "react-scripts eject"
    },
    "eslintConfig": {
      "extends": "react-app"
    },
    "browserslist": {
      "production": [
        ">0.2%",
        "not dead",
        "not op_mini all"
      ],
      "development": [
        "last 1 chrome version",
        "last 1 firefox version",
        "last 1 safari version"
      ]
    }
  }

yarn manifest: 
  No manifest

Lockfile: 
  No lockfile
